-------------------------------------------------------------------------------
Test set: org.junit.tests.experimental.theories.internal.ParameterizedAssertionErrorTest
-------------------------------------------------------------------------------
Tests run: 7, Failures: 0, Errors: 0, Skipped: 0, Time elapsed: 0.003 sec - in org.junit.tests.experimental.theories.internal.ParameterizedAssertionErrorTest
